Added Pin To Net: NetName=+5V Pin=1930-4
Added Pin To Net: NetName=+5V Pin=63700-5
Added Pin To Net: NetName=+5V Pin=C7-2
Added Pin To Net: NetName=+5V Pin=C19-2
Added Pin To Net: NetName=+5V Pin=L4-1
Added Pin To Net: NetName=+5V Pin=R7-2
Added Net: Name=+5V
Added Pin To Net: NetName=Net1 Pin=C2-2
Added Pin To Net: NetName=Net1 Pin=C3-1
Added Pin To Net: NetName=Net1 Pin=C5-2
Added Pin To Net: NetName=Net1 Pin=D1-2
Added Pin To Net: NetName=Net1 Pin=LT3013-10
Added Pin To Net: NetName=Net1 Pin=R2-2
Added Pin To Net: NetName=Net1 Pin=R4-1
Added Pin To Net: NetName=Net1 Pin=U1-1
Added Net: Name=Net1
Added Pin To Net: NetName=Net2 Pin=C6-1
Added Pin To Net: NetName=Net2 Pin=MPPC S13720-1325PS-3
Added Pin To Net: NetName=Net2 Pin=R5-2
Added Pin To Net: NetName=Net2 Pin=R6-1
Added Net: Name=Net2
Added Pin To Net: NetName=Net3 Pin=C18-1
Added Pin To Net: NetName=Net3 Pin=LM79L05-3
Added Pin To Net: NetName=Net3 Pin=OPA656-4
Added Pin To Net: NetName=Net3 Pin=R12-1
Added Net: Name=Net3
Added Pin To Net: NetName=Net4 Pin=1930-2
Added Pin To Net: NetName=Net4 Pin=63700-2
Added Pin To Net: NetName=Net4 Pin=63700-7
Added Pin To Net: NetName=Net4 Pin=C0-1
Added Pin To Net: NetName=Net4 Pin=C4-2
Added Pin To Net: NetName=Net4 Pin=C5-1
Added Pin To Net: NetName=Net4 Pin=C6-2
Added Pin To Net: NetName=Net4 Pin=C7-1
Added Pin To Net: NetName=Net4 Pin=C8-1
Added Pin To Net: NetName=Net4 Pin=C9-2
Added Pin To Net: NetName=Net4 Pin=C10-2
Added Pin To Net: NetName=Net4 Pin=C15-1
Added Pin To Net: NetName=Net4 Pin=C16-1
Added Pin To Net: NetName=Net4 Pin=C17-1
Added Pin To Net: NetName=Net4 Pin=C18-2
Added Pin To Net: NetName=Net4 Pin=C19-1
Added Pin To Net: NetName=Net4 Pin=C20-1
Added Pin To Net: NetName=Net4 Pin=C20-2
Added Pin To Net: NetName=Net4 Pin=C21-1
Added Pin To Net: NetName=Net4 Pin=C21-2
Added Pin To Net: NetName=Net4 Pin=C22-1
Added Pin To Net: NetName=Net4 Pin=D3-2
Added Pin To Net: NetName=Net4 Pin=L2-2
Added Pin To Net: NetName=Net4 Pin=L3-2
Added Pin To Net: NetName=Net4 Pin=LM78L05-2
Added Pin To Net: NetName=Net4 Pin=LT3013-5
Added Pin To Net: NetName=Net4 Pin=OPA656-3
Added Pin To Net: NetName=Net4 Pin=R1-1
Added Pin To Net: NetName=Net4 Pin=R3-2
Added Pin To Net: NetName=Net4 Pin=R6-2
Added Pin To Net: NetName=Net4 Pin=R11-2
Added Pin To Net: NetName=Net4 Pin=R13-2
Added Pin To Net: NetName=Net4 Pin=R14-1
Added Pin To Net: NetName=Net4 Pin=R16-1
Added Pin To Net: NetName=Net4 Pin=R19-2
Added Net: Name=Net4
Added Pin To Net: NetName=Net5 Pin=C22-2
Added Pin To Net: NetName=Net5 Pin=LM78L05-3
Added Pin To Net: NetName=Net5 Pin=OPA656-7
Added Pin To Net: NetName=Net5 Pin=R15-2
Added Net: Name=Net5
Added Pin To Net: NetName=Net1930_1 Pin=1930-1
Added Pin To Net: NetName=Net1930_1 Pin=D3-1
Added Pin To Net: NetName=Net1930_1 Pin=L4-2
Added Net: Name=Net1930_1
Added Pin To Net: NetName=Net1930_3 Pin=1930-3
Added Pin To Net: NetName=Net1930_3 Pin=R13-1
Added Pin To Net: NetName=Net1930_3 Pin=R14-2
Added Net: Name=Net1930_3
Added Pin To Net: NetName=Net63700_1 Pin=63700-1
Added Pin To Net: NetName=Net63700_1 Pin=C10-1
Added Net: Name=Net63700_1
Added Pin To Net: NetName=Net63700_3 Pin=63700-3
Added Pin To Net: NetName=Net63700_3 Pin=63700-4
Added Pin To Net: NetName=Net63700_3 Pin=C8-2
Added Pin To Net: NetName=Net63700_3 Pin=R7-1
Added Net: Name=Net63700_3
Added Pin To Net: NetName=Net63700_6 Pin=63700-6
Added Pin To Net: NetName=Net63700_6 Pin=D2-2
Added Pin To Net: NetName=Net63700_6 Pin=L3-1
Added Net: Name=Net63700_6
Added Pin To Net: NetName=Net63700_8 Pin=63700-8
Added Pin To Net: NetName=Net63700_8 Pin=C12-2
Added Pin To Net: NetName=Net63700_8 Pin=C16-2
Added Pin To Net: NetName=Net63700_8 Pin=D2-1
Added Pin To Net: NetName=Net63700_8 Pin=LM79L05-2
Added Pin To Net: NetName=Net63700_8 Pin=R9-1
Added Pin To Net: NetName=Net63700_8 Pin=R10-1
Added Net: Name=Net63700_8
Added Pin To Net: NetName=Net63700_9 Pin=63700-9
Added Pin To Net: NetName=Net63700_9 Pin=C11-1
Added Pin To Net: NetName=Net63700_9 Pin=R8-1
Added Pin To Net: NetName=Net63700_9 Pin=R9-2
Added Net: Name=Net63700_9
Added Pin To Net: NetName=Net63700_10 Pin=63700-10
Added Pin To Net: NetName=Net63700_10 Pin=C9-1
Added Pin To Net: NetName=Net63700_10 Pin=R8-2
Added Net: Name=Net63700_10
Added Pin To Net: NetName=NetC1_1 Pin=C1-1
Added Pin To Net: NetName=NetC1_1 Pin=D1-1
Added Pin To Net: NetName=NetC1_1 Pin=L2-1
Added Net: Name=NetC1_1
Added Pin To Net: NetName=NetC1_2 Pin=C1-2
Added Pin To Net: NetName=NetC1_2 Pin=L1-2
Added Pin To Net: NetName=NetC1_2 Pin=U1-20
Added Net: Name=NetC1_2
Added Pin To Net: NetName=NetC2_1 Pin=C2-1
Added Pin To Net: NetName=NetC2_1 Pin=R2-1
Added Pin To Net: NetName=NetC2_1 Pin=R3-1
Added Pin To Net: NetName=NetC2_1 Pin=U1-3
Added Net: Name=NetC2_1
Added Pin To Net: NetName=NetC3_2 Pin=C3-2
Added Pin To Net: NetName=NetC3_2 Pin=C4-1
Added Net: Name=NetC3_2
Added Pin To Net: NetName=NetC11_2 Pin=C11-2
Added Pin To Net: NetName=NetC11_2 Pin=R10-2
Added Net: Name=NetC11_2
Added Pin To Net: NetName=NetC12_1 Pin=C12-1
Added Pin To Net: NetName=NetC12_1 Pin=C13-2
Added Net: Name=NetC12_1
Added Pin To Net: NetName=NetC13_1 Pin=C13-1
Added Pin To Net: NetName=NetC13_1 Pin=C14-2
Added Net: Name=NetC13_1
Added Pin To Net: NetName=NetC14_1 Pin=C14-1
Added Pin To Net: NetName=NetC14_1 Pin=C15-2
Added Net: Name=NetC14_1
Added Pin To Net: NetName=NetC17_2 Pin=C17-2
Added Pin To Net: NetName=NetC17_2 Pin=R11-1
Added Pin To Net: NetName=NetC17_2 Pin=R12-2
Added Net: Name=NetC17_2
Added Pin To Net: NetName=NetC23_1 Pin=C23-1
Added Pin To Net: NetName=NetC23_1 Pin=OPA656-2
Added Pin To Net: NetName=NetC23_1 Pin=R17-1
Added Pin To Net: NetName=NetC23_1 Pin=R18-1
Added Net: Name=NetC23_1
Added Pin To Net: NetName=NetC23_2 Pin=C23-2
Added Pin To Net: NetName=NetC23_2 Pin=OPA656-6
Added Pin To Net: NetName=NetC23_2 Pin=R17-2
Added Net: Name=NetC23_2
Added Pin To Net: NetName=NetLM78L05_1 Pin=R15-1
Added Pin To Net: NetName=NetLM78L05_1 Pin=R16-2
Added Net: Name=NetLM78L05_1
Added Pin To Net: NetName=NetLT3013_3 Pin=LT3013-3
Added Pin To Net: NetName=NetLT3013_3 Pin=R5-1
Added Net: Name=NetLT3013_3
Added Pin To Net: NetName=NetLT3013_6 Pin=LT3013-6
Added Pin To Net: NetName=NetLT3013_6 Pin=R4-2
Added Net: Name=NetLT3013_6
Added Pin To Net: NetName=NetMPPC S13720-1325PS_2 Pin=MPPC S13720-1325PS-2
Added Pin To Net: NetName=NetMPPC S13720-1325PS_2 Pin=R18-2
Added Pin To Net: NetName=NetMPPC S13720-1325PS_2 Pin=R19-1
Added Net: Name=NetMPPC S13720-1325PS_2
Added Pin To Net: NetName=NetR1_2 Pin=R1-2
Added Pin To Net: NetName=NetR1_2 Pin=U1-10
Added Net: Name=NetR1_2
Added Pin To Net: NetName=VCC Pin=C0-2
Added Pin To Net: NetName=VCC Pin=L1-1
Added Pin To Net: NetName=VCC Pin=U1-12
Added Pin To Net: NetName=VCC Pin=U1-18
Added Net: Name=VCC
